mode: set
github.com/kubeslice/kubeslice-cli/cmd/common.go:10.53,12.29 2 1
github.com/kubeslice/kubeslice-cli/cmd/common.go:12.29,14.3 1 1
github.com/kubeslice/kubeslice-cli/cmd/common.go:15.2,15.21 1 1
github.com/kubeslice/kubeslice-cli/cmd/create.go:13.47,16.15 3 0
github.com/kubeslice/kubeslice-cli/cmd/create.go:16.15,18.4 1 0
github.com/kubeslice/kubeslice-cli/cmd/create.go:19.3,21.20 3 0
github.com/kubeslice/kubeslice-cli/cmd/create.go:21.20,23.4 1 0
github.com/kubeslice/kubeslice-cli/cmd/create.go:24.3,25.18 2 0
github.com/kubeslice/kubeslice-cli/cmd/create.go:26.18,27.23 1 0
github.com/kubeslice/kubeslice-cli/cmd/create.go:28.22,29.37 1 0
github.com/kubeslice/kubeslice-cli/cmd/create.go:30.30,31.43 1 0
github.com/kubeslice/kubeslice-cli/cmd/create.go:32.11,33.38 1 0
github.com/kubeslice/kubeslice-cli/cmd/create.go:38.13,43.2 4 1
github.com/kubeslice/kubeslice-cli/cmd/delete.go:14.47,17.15 3 0
github.com/kubeslice/kubeslice-cli/cmd/delete.go:17.15,19.4 1 0
github.com/kubeslice/kubeslice-cli/cmd/delete.go:21.3,24.18 3 0
github.com/kubeslice/kubeslice-cli/cmd/delete.go:25.18,26.23 1 0
github.com/kubeslice/kubeslice-cli/cmd/delete.go:27.22,28.27 1 0
github.com/kubeslice/kubeslice-cli/cmd/delete.go:29.30,30.35 1 0
github.com/kubeslice/kubeslice-cli/cmd/delete.go:31.17,32.22 1 0
github.com/kubeslice/kubeslice-cli/cmd/delete.go:33.11,34.38 1 0
github.com/kubeslice/kubeslice-cli/cmd/delete.go:39.13,42.2 2 1
github.com/kubeslice/kubeslice-cli/cmd/describe.go:14.47,17.15 3 0
github.com/kubeslice/kubeslice-cli/cmd/describe.go:17.15,19.4 1 0
github.com/kubeslice/kubeslice-cli/cmd/describe.go:21.3,21.20 1 0
github.com/kubeslice/kubeslice-cli/cmd/describe.go:21.20,23.4 1 0
github.com/kubeslice/kubeslice-cli/cmd/describe.go:25.3,26.18 2 0
github.com/kubeslice/kubeslice-cli/cmd/describe.go:27.18,28.25 1 0
github.com/kubeslice/kubeslice-cli/cmd/describe.go:29.22,30.29 1 0
github.com/kubeslice/kubeslice-cli/cmd/describe.go:31.30,32.37 1 0
github.com/kubeslice/kubeslice-cli/cmd/describe.go:33.17,34.24 1 0
github.com/kubeslice/kubeslice-cli/cmd/describe.go:35.11,36.38 1 0
github.com/kubeslice/kubeslice-cli/cmd/describe.go:41.13,44.2 2 1
github.com/kubeslice/kubeslice-cli/cmd/edit.go:17.47,20.15 3 0
github.com/kubeslice/kubeslice-cli/cmd/edit.go:20.15,22.4 1 0
github.com/kubeslice/kubeslice-cli/cmd/edit.go:23.3,25.20 2 0
github.com/kubeslice/kubeslice-cli/cmd/edit.go:25.20,27.4 1 0
github.com/kubeslice/kubeslice-cli/cmd/edit.go:29.3,30.18 2 0
github.com/kubeslice/kubeslice-cli/cmd/edit.go:31.18,32.21 1 0
github.com/kubeslice/kubeslice-cli/cmd/edit.go:33.22,34.25 1 0
github.com/kubeslice/kubeslice-cli/cmd/edit.go:35.30,36.33 1 0
github.com/kubeslice/kubeslice-cli/cmd/edit.go:37.17,38.20 1 0
github.com/kubeslice/kubeslice-cli/cmd/edit.go:39.11,40.38 1 0
github.com/kubeslice/kubeslice-cli/cmd/edit.go:45.13,49.2 3 1
github.com/kubeslice/kubeslice-cli/cmd/get.go:14.47,17.43 3 0
github.com/kubeslice/kubeslice-cli/cmd/get.go:17.43,19.4 1 0
github.com/kubeslice/kubeslice-cli/cmd/get.go:20.3,21.20 2 0
github.com/kubeslice/kubeslice-cli/cmd/get.go:21.20,23.4 1 0
github.com/kubeslice/kubeslice-cli/cmd/get.go:25.3,26.18 2 0
github.com/kubeslice/kubeslice-cli/cmd/get.go:27.18,28.20 1 0
github.com/kubeslice/kubeslice-cli/cmd/get.go:29.22,30.24 1 0
github.com/kubeslice/kubeslice-cli/cmd/get.go:31.30,32.32 1 0
github.com/kubeslice/kubeslice-cli/cmd/get.go:33.18,34.26 1 0
github.com/kubeslice/kubeslice-cli/cmd/get.go:35.17,36.19 1 0
github.com/kubeslice/kubeslice-cli/cmd/get.go:37.22,38.23 1 0
github.com/kubeslice/kubeslice-cli/cmd/get.go:39.11,40.38 1 0
github.com/kubeslice/kubeslice-cli/cmd/get.go:46.13,51.2 4 1
github.com/kubeslice/kubeslice-cli/cmd/install.go:19.47,21.36 1 0
github.com/kubeslice/kubeslice-cli/cmd/install.go:21.36,24.4 2 0
github.com/kubeslice/kubeslice-cli/cmd/install.go:26.3,26.36 1 0
github.com/kubeslice/kubeslice-cli/cmd/install.go:26.36,29.4 2 0
github.com/kubeslice/kubeslice-cli/cmd/install.go:30.3,30.20 1 0
github.com/kubeslice/kubeslice-cli/cmd/install.go:30.20,31.19 1 0
github.com/kubeslice/kubeslice-cli/cmd/install.go:32.29,33.48 1 0
github.com/kubeslice/kubeslice-cli/cmd/install.go:34.32,35.48 1 0
github.com/kubeslice/kubeslice-cli/cmd/install.go:36.28,36.28 0 0
github.com/kubeslice/kubeslice-cli/cmd/install.go:37.12,38.158 1 0
github.com/kubeslice/kubeslice-cli/cmd/install.go:40.4,40.49 1 0
github.com/kubeslice/kubeslice-cli/cmd/install.go:41.9,43.4 1 0
github.com/kubeslice/kubeslice-cli/cmd/install.go:45.3,45.23 1 0
github.com/kubeslice/kubeslice-cli/cmd/install.go:45.23,47.4 1 0
github.com/kubeslice/kubeslice-cli/cmd/install.go:49.3,50.30 2 0
github.com/kubeslice/kubeslice-cli/cmd/install.go:54.13,90.2 4 1
github.com/kubeslice/kubeslice-cli/cmd/register.go:13.47,16.15 3 0
github.com/kubeslice/kubeslice-cli/cmd/register.go:16.15,18.4 1 0
github.com/kubeslice/kubeslice-cli/cmd/register.go:19.3,21.20 2 0
github.com/kubeslice/kubeslice-cli/cmd/register.go:21.20,23.4 1 0
github.com/kubeslice/kubeslice-cli/cmd/register.go:25.3,26.18 2 0
github.com/kubeslice/kubeslice-cli/cmd/register.go:27.17,28.24 1 0
github.com/kubeslice/kubeslice-cli/cmd/register.go:29.11,30.38 1 0
github.com/kubeslice/kubeslice-cli/cmd/register.go:35.13,39.2 3 1
github.com/kubeslice/kubeslice-cli/cmd/root.go:21.47,23.3 1 0
github.com/kubeslice/kubeslice-cli/cmd/root.go:27.16,31.42 2 0
github.com/kubeslice/kubeslice-cli/cmd/root.go:31.42,34.3 2 0
github.com/kubeslice/kubeslice-cli/cmd/uninstall.go:23.47,26.34 2 0
github.com/kubeslice/kubeslice-cli/cmd/uninstall.go:26.34,29.4 2 0
github.com/kubeslice/kubeslice-cli/cmd/uninstall.go:32.3,32.36 1 0
github.com/kubeslice/kubeslice-cli/cmd/uninstall.go:32.36,34.4 1 0
github.com/kubeslice/kubeslice-cli/cmd/uninstall.go:36.3,39.19 3 0
github.com/kubeslice/kubeslice-cli/cmd/uninstall.go:39.19,43.4 3 0
github.com/kubeslice/kubeslice-cli/cmd/uninstall.go:44.3,44.26 1 0
github.com/kubeslice/kubeslice-cli/cmd/uninstall.go:44.26,46.4 1 0
github.com/kubeslice/kubeslice-cli/cmd/uninstall.go:47.3,47.18 1 0
github.com/kubeslice/kubeslice-cli/cmd/uninstall.go:47.18,49.4 1 0
github.com/kubeslice/kubeslice-cli/cmd/uninstall.go:50.3,50.27 1 0
github.com/kubeslice/kubeslice-cli/cmd/uninstall.go:50.27,52.4 1 0
github.com/kubeslice/kubeslice-cli/cmd/uninstall.go:53.3,53.31 1 0
github.com/kubeslice/kubeslice-cli/cmd/uninstall.go:53.31,56.4 2 0
github.com/kubeslice/kubeslice-cli/cmd/uninstall.go:57.3,57.59 1 0
github.com/kubeslice/kubeslice-cli/cmd/uninstall.go:61.13,70.2 4 1
